<?xml version="1.0" encoding="UTF-8"?>
<!-- Generated by org.testng.reporters.JUnitXMLReporter -->
<testsuite ignored="0" hostname="DESKTOP-G415TB4" failures="0" tests="13" name="Test" time="324.205" errors="0" timestamp="2021-09-27T10:12:08 IST">
  <testcase classname="com.urban.runner.TestRunner" name="Homepage" time="10.932"/>
  <testcase classname="com.urban.runner.TestRunner" name="Compare_products" time="15.89"/>
  <testcase classname="com.urban.runner.TestRunner" name="Add_cart" time="25.208"/>
  <testcase classname="com.urban.runner.TestRunner" name="Add_cart" time="25.053"/>
  <testcase classname="com.urban.runner.TestRunner" name="search_and_verify" time="15.532"/>
  <testcase classname="com.urban.runner.TestRunner" name="search_and_verify" time="12.762"/>
  <testcase classname="com.urban.runner.TestRunner" name="search_and_verify" time="13.188"/>
  <testcase classname="com.urban.runner.TestRunner" name="Counting" time="14.024"/>
  <testcase classname="com.urban.runner.TestRunner" name="Wishlist_product" time="18.701"/>
  <testcase classname="com.urban.runner.TestRunner" name="ReturningHome" time="20.782"/>
  <testcase classname="com.urban.runner.TestRunner" name="Printprice" time="16.407"/>
  <testcase classname="com.urban.runner.TestRunner" name="Mapverification" time="19.099"/>
  <testcase classname="com.urban.runner.TestRunner" name="playstoreVerification" time="28.699"/>
</testsuite> <!-- Test -->
